2020-09-06 11:38:17.746 [info] <0.44.0> Application lager started on node nonode@nohost
2020-09-06 11:38:17.780 [info] <0.44.0> Application xmerl started on node nonode@nohost
2020-09-06 11:38:17.844 [info] <0.44.0> Application sasl started on node nonode@nohost
2020-09-06 11:38:17.872 [info] <0.44.0> Application tools started on node nonode@nohost
2020-09-06 11:38:17.906 [info] <0.44.0> Application jsx started on node nonode@nohost
2020-09-06 11:38:17.940 [info] <0.44.0> Application ranch started on node nonode@nohost
2020-09-06 11:38:17.948 [info] <0.44.0> Application recon started on node nonode@nohost
2020-09-06 11:38:18.112 [info] <0.44.0> Application credentials_obfuscation started on node nonode@nohost
2020-09-06 11:38:18.112 [info] <0.44.0> Application rabbit_common started on node nonode@nohost
2020-09-06 11:38:18.139 [info] <0.44.0> Application amqp_client started on node nonode@nohost
2020-09-06 11:38:18.139 [info] <0.44.0> Application amqp started on node nonode@nohost
2020-09-06 11:38:18.140 [info] <0.44.0> Application broadway_rabbitmq started on node nonode@nohost
2020-09-06 11:38:18.143 [info] <0.44.0> Application gen_rmq started on node nonode@nohost
2020-09-06 11:38:18.161 [info] <0.44.0> Application connection started on node nonode@nohost
2020-09-06 11:38:18.170 [info] <0.44.0> Application decimal started on node nonode@nohost
2020-09-06 11:38:18.181 [info] <0.44.0> Application db_connection started on node nonode@nohost
2020-09-06 11:38:18.200 [info] <0.44.0> Application postgrex started on node nonode@nohost
2020-09-06 11:38:18.211 [info] <0.44.0> Application ecto started on node nonode@nohost
2020-09-06 11:38:18.211 [info] <0.44.0> Application ecto_sql started on node nonode@nohost
2020-09-06 11:38:18.218 [info] <0.44.0> Application phoenix_html started on node nonode@nohost
2020-09-06 11:38:18.230 [info] <0.44.0> Application cowlib started on node nonode@nohost
2020-09-06 11:38:18.249 [info] <0.44.0> Application cowboy started on node nonode@nohost
2020-09-06 11:38:18.250 [info] <0.44.0> Application plug_cowboy started on node nonode@nohost
2020-09-06 11:38:18.267 [info] <0.44.0> Application file_system started on node nonode@nohost
2020-09-06 11:38:18.283 [info] <0.44.0> Application phoenix_live_reload started on node nonode@nohost
2020-09-06 11:38:18.287 [info] <0.44.0> Application phoenix_live_view started on node nonode@nohost
2020-09-06 11:38:18.288 [info] <0.44.0> Application phoenix_live_dashboard started on node nonode@nohost
2020-09-06 11:38:18.290 [info] <0.44.0> Application phoenix_ecto started on node nonode@nohost
2020-09-06 11:38:18.340 [info] <0.44.0> Application pwt_zip started on node nonode@nohost
